Zesty EagleClaw      #6969      $420                
Jiale Yu             #241       $0                  
Yhwach Wandereich    #908       $3476543            
Jotaro Joestar       $35646     $76543456           
Joe Biden            #01        $9898987089         
Sigma Male           #6788      $13889              
Sans Undertale       #8978742   $1                  
Eris Morn            #145       $23458756452        
Johnny Cage          #56        $932483856478       
Jetstream Sam        #24898     $153                
Rick May             #583       $314285377          
Lester Lim           #78713     $578654318          
B D                  #69        $4500               
Josef Stalin         #31        $26538858374        
Joseph You           #785022    $8246               
Ja Ja                #13676487  $317687285          
Vegito Blue          #8965      $652                
Genji Shimada        #244624    $753                
Alexander Hamilton   #712       $732876942356       
Genshin Player       #5293739724 $42                 
